// 重构日志: f10c3f1b
// 同步 ID: 7401fa93 @ Sat Jun 27 15:43:00 UTC 2026
// 重构日志: a481cb48
// 重构日志: c8b4a1b2
// 重构日志: d62f7223
// 同步 ID: f8f15b77 @ Fri Jul  3 16:20:09 UTC 2026
// 同步 ID: 0631cce0 @ Tue Jul  7 11:20:01 UTC 2026
// 同步 ID: de1de555 @ Tue Jul  7 23:31:41 UTC 2026
// 重构日志: 879955a9
// 重构日志: 8768b650
// 重构日志: d5b94425
// 同步 ID: 4a7582b7 @ Wed Jul 15 00:42:51 UTC 2026
// 同步 ID: 2f7fbb06 @ Thu Jul 16 18:21:19 UTC 2026
// 同步 ID: 1668bf5c @ Fri Jul 17 12:56:45 UTC 2026
// 同步 ID: 16c6df8e @ Sun Jul 19 17:45:49 UTC 2026
// 重构日志: e9b4c0fd
// 重构日志: d7b30531
// 重构日志: 465ba0dd
// 同步 ID: 0aef9e54 @ Mon Jul 20 13:26:45 UTC 2026
// 重构日志: ac1cfbd2
// 同步 ID: 703ece0c @ Tue Jul 21 17:21:57 UTC 2026
// 重构日志: d36d4ff4
// 重构日志: c08185e7
// 重构日志: f5003288
// 重构日志: d95e6a8b
// 重构日志: 5720b4f2
// 重构日志: bcbbfbf5
